# JMH version: 1.27
# VM version: JDK 1.8.0_172, Java HotSpot(TM) 64-Bit Server VM, 25.172-b11
# VM invoker: /Library/Java/JavaVirtualMachines/jdk1.8.0_172.jdk/Contents/Home/jre/bin/java
# VM options: -javaagent:/Applications/IntelliJ IDEA.app/Contents/lib/idea_rt.jar=56984:/Applications/IntelliJ IDEA.app/Contents/bin -Dfile.encoding=UTF-8
# JMH blackhole mode: full blackhole + dont-inline hint
# Warmup: 2 iterations, 1 s each
# Measurement: 5 iterations, 3 s each
# Timeout: 10 min per iteration
# Threads: 1 thread, will synchronize iterations
# Benchmark mode: Throughput, ops/time
# Benchmark: com.fsy.javasrc.collections.HashMapBenchmark.forEachEntrySet

# Run progress: 0.00% complete, ETA 00:00:17
# Fork: 1 of 1
# Warmup Iteration   1: <failure>

java.util.ConcurrentModificationException
	at java.util.HashMap$HashIterator.nextNode(HashMap.java:1442)
	at java.util.HashMap$EntryIterator.next(HashMap.java:1476)
	at java.util.HashMap$EntryIterator.next(HashMap.java:1474)
	at com.fsy.javasrc.collections.HashMapBenchmark.forEachEntrySet(HashMapBenchmark.java:81)
	at com.fsy.javasrc.collections.jmh_generated.HashMapBenchmark_forEachEntrySet_jmhTest.forEachEntrySet_thrpt_jmhStub(HashMapBenchmark_forEachEntrySet_jmhTest.java:119)
	at com.fsy.javasrc.collections.jmh_generated.HashMapBenchmark_forEachEntrySet_jmhTest.forEachEntrySet_Throughput(HashMapBenchmark_forEachEntrySet_jmhTest.java:83)
	at sun.reflect.NativeMethodAccessorImpl.invoke0(Native Method)
	at sun.reflect.NativeMethodAccessorImpl.invoke(NativeMethodAccessorImpl.java:62)
	at sun.reflect.DelegatingMethodAccessorImpl.invoke(DelegatingMethodAccessorImpl.java:43)
	at java.lang.reflect.Method.invoke(Method.java:498)
	at org.openjdk.jmh.runner.BenchmarkHandler$BenchmarkTask.call(BenchmarkHandler.java:453)
	at org.openjdk.jmh.runner.BenchmarkHandler$BenchmarkTask.call(BenchmarkHandler.java:437)
	at java.util.concurrent.FutureTask.run(FutureTask.java:266)
	at java.util.concurrent.Executors$RunnableAdapter.call(Executors.java:511)
	at java.util.concurrent.FutureTask.run(FutureTask.java:266)
	at java.util.concurrent.ThreadPoolExecutor.runWorker(ThreadPoolExecutor.java:1149)
	at java.util.concurrent.ThreadPoolExecutor$Worker.run(ThreadPoolExecutor.java:624)
	at java.lang.Thread.run(Thread.java:748)




# Run complete. Total time: 00:00:01

REMEMBER: The numbers below are just data. To gain reusable insights, you need to follow up on
why the numbers are the way they are. Use profilers (see -prof, -lprof), design factorial
experiments, perform baseline and negative tests that provide experimental control, make sure
the benchmarking environment is safe on JVM/OS/HW level, ask for reviews from the domain experts.
Do not assume the numbers tell you what you want them to tell.

Benchmark  Mode  Cnt  Score   Error  Units
